<?xml version="1.0" encoding="UTF-8"?>
<!-- Generated by org.testng.reporters.JUnitXMLReporter -->
<testsuite hostname="QEdgetechcom-PC" ignored="0" name="Command line test" tests="3" failures="0" timestamp="11 Jun 2019 04:14:50 GMT" time="8.055" errors="0">
  <testcase name="login" time="0.555" classname="Resource.AppTest"/>
  <testcase name="logotest" time="0.32" classname="Resource.AppTest"/>
  <testcase name="titletest" time="0.004" classname="Resource.AppTest"/>
</testsuite> <!-- Command line test -->
